The system is: OpenBSD - 6.2 - amd64
Compiling the CXX compiler identification source file "CMakeCXXCompilerId.cpp" succeeded.
Compiler: /usr/bin/clang++ 
Build flags: -O2;-fPIC;-Wall;-pedantic
Id flags:  

The output was:
0


Compilation of the CXX compiler identification source "CMakeCXXCompilerId.cpp" produced "a.out"

The CXX compiler identification is Clang, found in "/home/carlos/Lua/src/lxml/build.luarocks/CMakeFiles/3.9.3/CompilerIdCXX/a.out"

Determining if the CXX compiler works passed with the following output:
Change Dir: /home/carlos/Lua/src/lxml/build.luarocks/CMakeFiles/CMakeTmp

Run Build Command:"/usr/bin/make" "cmTC_4af34/fast"
/usr/bin/make -f CMakeFiles/cmTC_4af34.dir/build.make CMakeFiles/cmTC_4af34.dir/build
Building CXX object CMakeFiles/cmTC_4af34.dir/testCXXCompiler.cxx.o
/usr/bin/clang++    -O2 -fPIC -Wall -pedantic    -o CMakeFiles/cmTC_4af34.dir/testCXXCompiler.cxx.o -c /home/carlos/Lua/src/lxml/build.luarocks/CMakeFiles/CMakeTmp/testCXXCompiler.cxx
Linking CXX executable cmTC_4af34
/usr/local/bin/cmake -E cmake_link_script CMakeFiles/cmTC_4af34.dir/link.txt --verbose=1
/usr/bin/clang++  -O2 -fPIC -Wall -pedantic     CMakeFiles/cmTC_4af34.dir/testCXXCompiler.cxx.o  -o cmTC_4af34 -Wl,-rpath-link,/usr/X11R6/lib:/usr/local/lib 


Detecting CXX compiler ABI info compiled with the following output:
Change Dir: /home/carlos/Lua/src/lxml/build.luarocks/CMakeFiles/CMakeTmp

Run Build Command:"/usr/bin/make" "cmTC_27a1e/fast"
/usr/bin/make -f CMakeFiles/cmTC_27a1e.dir/build.make CMakeFiles/cmTC_27a1e.dir/build
Building CXX object CMakeFiles/cmTC_27a1e.dir/CMakeCXXCompilerABI.cpp.o
/usr/bin/clang++    -O2 -fPIC -Wall -pedantic    -o CMakeFiles/cmTC_27a1e.dir/CMakeCXXCompilerABI.cpp.o -c /usr/local/share/cmake/Modules/CMakeCXXCompilerABI.cpp
Linking CXX executable cmTC_27a1e
/usr/local/bin/cmake -E cmake_link_script CMakeFiles/cmTC_27a1e.dir/link.txt --verbose=1
/usr/bin/clang++  -O2 -fPIC -Wall -pedantic    -v CMakeFiles/cmTC_27a1e.dir/CMakeCXXCompilerABI.cpp.o  -o cmTC_27a1e -Wl,-rpath-link,/usr/X11R6/lib:/usr/local/lib 
OpenBSD clang version 4.0.0 (tags/RELEASE_400/final) (based on LLVM 4.0.0)
Target: amd64-unknown-openbsd6.2
Thread model: posix
InstalledDir: /usr/bin
 "/usr/bin/ld" -e __start --eh-frame-hdr -Bdynamic -dynamic-linker /usr/libexec/ld.so -o cmTC_27a1e /usr/bin/../lib/crt0.o /usr/bin/../lib/crtbegin.o -L/usr/bin/../lib -L/usr/lib CMakeFiles/cmTC_27a1e.dir/CMakeCXXCompilerABI.cpp.o -rpath-link /usr/X11R6/lib:/usr/local/lib -lc++ -lc++abi -lpthread -lm -lcompiler_rt -lc -lcompiler_rt /usr/bin/../lib/crtend.o


Parsed CXX implicit link information from above output:
  link line regex: [^( *|.*[/\])(ld|CMAKE_LINK_STARTFILE-NOTFOUND|([^/\]+-)?ld|collect2)[^/\]*( |$)]
  ignore line: [Change Dir: /home/carlos/Lua/src/lxml/build.luarocks/CMakeFiles/CMakeTmp]
  ignore line: []
  ignore line: [Run Build Command:"/usr/bin/make" "cmTC_27a1e/fast"]
  ignore line: [/usr/bin/make -f CMakeFiles/cmTC_27a1e.dir/build.make CMakeFiles/cmTC_27a1e.dir/build]
  ignore line: [Building CXX object CMakeFiles/cmTC_27a1e.dir/CMakeCXXCompilerABI.cpp.o]
  ignore line: [/usr/bin/clang++    -O2 -fPIC -Wall -pedantic    -o CMakeFiles/cmTC_27a1e.dir/CMakeCXXCompilerABI.cpp.o -c /usr/local/share/cmake/Modules/CMakeCXXCompilerABI.cpp]
  ignore line: [Linking CXX executable cmTC_27a1e]
  ignore line: [/usr/local/bin/cmake -E cmake_link_script CMakeFiles/cmTC_27a1e.dir/link.txt --verbose=1]
  ignore line: [/usr/bin/clang++  -O2 -fPIC -Wall -pedantic    -v CMakeFiles/cmTC_27a1e.dir/CMakeCXXCompilerABI.cpp.o  -o cmTC_27a1e -Wl,-rpath-link,/usr/X11R6/lib:/usr/local/lib ]
  ignore line: [OpenBSD clang version 4.0.0 (tags/RELEASE_400/final) (based on LLVM 4.0.0)]
  ignore line: [Target: amd64-unknown-openbsd6.2]
  ignore line: [Thread model: posix]
  ignore line: [InstalledDir: /usr/bin]
  link line: [ "/usr/bin/ld" -e __start --eh-frame-hdr -Bdynamic -dynamic-linker /usr/libexec/ld.so -o cmTC_27a1e /usr/bin/../lib/crt0.o /usr/bin/../lib/crtbegin.o -L/usr/bin/../lib -L/usr/lib CMakeFiles/cmTC_27a1e.dir/CMakeCXXCompilerABI.cpp.o -rpath-link /usr/X11R6/lib:/usr/local/lib -lc++ -lc++abi -lpthread -lm -lcompiler_rt -lc -lcompiler_rt /usr/bin/../lib/crtend.o]
    arg [/usr/bin/ld] ==> ignore
    arg [-e] ==> ignore
    arg [__start] ==> ignore
    arg [--eh-frame-hdr] ==> ignore
    arg [-Bdynamic] ==> ignore
    arg [-dynamic-linker] ==> ignore
    arg [/usr/libexec/ld.so] ==> ignore
    arg [-o] ==> ignore
    arg [cmTC_27a1e] ==> ignore
    arg [/usr/bin/../lib/crt0.o] ==> ignore
    arg [/usr/bin/../lib/crtbegin.o] ==> ignore
    arg [-L/usr/bin/../lib] ==> dir [/usr/bin/../lib]
    arg [-L/usr/lib] ==> dir [/usr/lib]
    arg [CMakeFiles/cmTC_27a1e.dir/CMakeCXXCompilerABI.cpp.o] ==> ignore
    arg [-rpath-link] ==> ignore
    arg [/usr/X11R6/lib:/usr/local/lib] ==> ignore
    arg [-lc++] ==> lib [c++]
    arg [-lc++abi] ==> lib [c++abi]
    arg [-lpthread] ==> lib [pthread]
    arg [-lm] ==> lib [m]
    arg [-lcompiler_rt] ==> lib [compiler_rt]
    arg [-lc] ==> lib [c]
    arg [-lcompiler_rt] ==> lib [compiler_rt]
    arg [/usr/bin/../lib/crtend.o] ==> ignore
  collapse library dir [/usr/bin/../lib] ==> [/usr/lib]
  collapse library dir [/usr/lib] ==> [/usr/lib]
  implicit libs: [c++;c++abi;pthread;m;compiler_rt;c;compiler_rt]
  implicit dirs: [/usr/lib]
  implicit fwks: []




Detecting CXX [-std=c++1z] compiler features compiled with the following output:
Change Dir: /home/carlos/Lua/src/lxml/build.luarocks/CMakeFiles/CMakeTmp

Run Build Command:"/usr/bin/make" "cmTC_6e94f/fast"
/usr/bin/make -f CMakeFiles/cmTC_6e94f.dir/build.make CMakeFiles/cmTC_6e94f.dir/build
Building CXX object CMakeFiles/cmTC_6e94f.dir/feature_tests.cxx.o
/usr/bin/clang++    -O2 -fPIC -Wall -pedantic    -std=c++1z -o CMakeFiles/cmTC_6e94f.dir/feature_tests.cxx.o -c /home/carlos/Lua/src/lxml/build.luarocks/CMakeFiles/feature_tests.cxx
Linking CXX executable cmTC_6e94f
/usr/local/bin/cmake -E cmake_link_script CMakeFiles/cmTC_6e94f.dir/link.txt --verbose=1
/usr/bin/clang++  -O2 -fPIC -Wall -pedantic     CMakeFiles/cmTC_6e94f.dir/feature_tests.cxx.o  -o cmTC_6e94f -Wl,-rpath-link,/usr/X11R6/lib:/usr/local/lib 


    Feature record: CXX_FEATURE:1cxx_aggregate_default_initializers
    Feature record: CXX_FEATURE:1cxx_alias_templates
    Feature record: CXX_FEATURE:1cxx_alignas
    Feature record: CXX_FEATURE:1cxx_alignof
    Feature record: CXX_FEATURE:1cxx_attributes
    Feature record: CXX_FEATURE:1cxx_attribute_deprecated
    Feature record: CXX_FEATURE:1cxx_auto_type
    Feature record: CXX_FEATURE:1cxx_binary_literals
    Feature record: CXX_FEATURE:1cxx_constexpr
    Feature record: CXX_FEATURE:1cxx_contextual_conversions
    Feature record: CXX_FEATURE:1cxx_decltype
    Feature record: CXX_FEATURE:1cxx_decltype_auto
    Feature record: CXX_FEATURE:1cxx_decltype_incomplete_return_types
    Feature record: CXX_FEATURE:1cxx_default_function_template_args
    Feature record: CXX_FEATURE:1cxx_defaulted_functions
    Feature record: CXX_FEATURE:1cxx_defaulted_move_initializers
    Feature record: CXX_FEATURE:1cxx_delegating_constructors
    Feature record: CXX_FEATURE:1cxx_deleted_functions
    Feature record: CXX_FEATURE:1cxx_digit_separators
    Feature record: CXX_FEATURE:1cxx_enum_forward_declarations
    Feature record: CXX_FEATURE:1cxx_explicit_conversions
    Feature record: CXX_FEATURE:1cxx_extended_friend_declarations
    Feature record: CXX_FEATURE:1cxx_extern_templates
    Feature record: CXX_FEATURE:1cxx_final
    Feature record: CXX_FEATURE:1cxx_func_identifier
    Feature record: CXX_FEATURE:1cxx_generalized_initializers
    Feature record: CXX_FEATURE:1cxx_generic_lambdas
    Feature record: CXX_FEATURE:1cxx_inheriting_constructors
    Feature record: CXX_FEATURE:1cxx_inline_namespaces
    Feature record: CXX_FEATURE:1cxx_lambdas
    Feature record: CXX_FEATURE:1cxx_lambda_init_captures
    Feature record: CXX_FEATURE:1cxx_local_type_template_args
    Feature record: CXX_FEATURE:1cxx_long_long_type
    Feature record: CXX_FEATURE:1cxx_noexcept
    Feature record: CXX_FEATURE:1cxx_nonstatic_member_init
    Feature record: CXX_FEATURE:1cxx_nullptr
    Feature record: CXX_FEATURE:1cxx_override
    Feature record: CXX_FEATURE:1cxx_range_for
    Feature record: CXX_FEATURE:1cxx_raw_string_literals
    Feature record: CXX_FEATURE:1cxx_reference_qualified_functions
    Feature record: CXX_FEATURE:1cxx_relaxed_constexpr
    Feature record: CXX_FEATURE:1cxx_return_type_deduction
    Feature record: CXX_FEATURE:1cxx_right_angle_brackets
    Feature record: CXX_FEATURE:1cxx_rvalue_references
    Feature record: CXX_FEATURE:1cxx_sizeof_member
    Feature record: CXX_FEATURE:1cxx_static_assert
    Feature record: CXX_FEATURE:1cxx_strong_enums
    Feature record: CXX_FEATURE:1cxx_template_template_parameters
    Feature record: CXX_FEATURE:1cxx_thread_local
    Feature record: CXX_FEATURE:1cxx_trailing_return_types
    Feature record: CXX_FEATURE:1cxx_unicode_literals
    Feature record: CXX_FEATURE:1cxx_uniform_initialization
    Feature record: CXX_FEATURE:1cxx_unrestricted_unions
    Feature record: CXX_FEATURE:1cxx_user_literals
    Feature record: CXX_FEATURE:1cxx_variable_templates
    Feature record: CXX_FEATURE:1cxx_variadic_macros
    Feature record: CXX_FEATURE:1cxx_variadic_templates


Detecting CXX [-std=c++14] compiler features compiled with the following output:
Change Dir: /home/carlos/Lua/src/lxml/build.luarocks/CMakeFiles/CMakeTmp

Run Build Command:"/usr/bin/make" "cmTC_0cddf/fast"
/usr/bin/make -f CMakeFiles/cmTC_0cddf.dir/build.make CMakeFiles/cmTC_0cddf.dir/build
Building CXX object CMakeFiles/cmTC_0cddf.dir/feature_tests.cxx.o
/usr/bin/clang++    -O2 -fPIC -Wall -pedantic    -std=c++14 -o CMakeFiles/cmTC_0cddf.dir/feature_tests.cxx.o -c /home/carlos/Lua/src/lxml/build.luarocks/CMakeFiles/feature_tests.cxx
Linking CXX executable cmTC_0cddf
/usr/local/bin/cmake -E cmake_link_script CMakeFiles/cmTC_0cddf.dir/link.txt --verbose=1
/usr/bin/clang++  -O2 -fPIC -Wall -pedantic     CMakeFiles/cmTC_0cddf.dir/feature_tests.cxx.o  -o cmTC_0cddf -Wl,-rpath-link,/usr/X11R6/lib:/usr/local/lib 


    Feature record: CXX_FEATURE:1cxx_aggregate_default_initializers
    Feature record: CXX_FEATURE:1cxx_alias_templates
    Feature record: CXX_FEATURE:1cxx_alignas
    Feature record: CXX_FEATURE:1cxx_alignof
    Feature record: CXX_FEATURE:1cxx_attributes
    Feature record: CXX_FEATURE:1cxx_attribute_deprecated
    Feature record: CXX_FEATURE:1cxx_auto_type
    Feature record: CXX_FEATURE:1cxx_binary_literals
    Feature record: CXX_FEATURE:1cxx_constexpr
    Feature record: CXX_FEATURE:1cxx_contextual_conversions
    Feature record: CXX_FEATURE:1cxx_decltype
    Feature record: CXX_FEATURE:1cxx_decltype_auto
    Feature record: CXX_FEATURE:1cxx_decltype_incomplete_return_types
    Feature record: CXX_FEATURE:1cxx_default_function_template_args
    Feature record: CXX_FEATURE:1cxx_defaulted_functions
    Feature record: CXX_FEATURE:1cxx_defaulted_move_initializers
    Feature record: CXX_FEATURE:1cxx_delegating_constructors
    Feature record: CXX_FEATURE:1cxx_deleted_functions
    Feature record: CXX_FEATURE:1cxx_digit_separators
    Feature record: CXX_FEATURE:1cxx_enum_forward_declarations
    Feature record: CXX_FEATURE:1cxx_explicit_conversions
    Feature record: CXX_FEATURE:1cxx_extended_friend_declarations
    Feature record: CXX_FEATURE:1cxx_extern_templates
    Feature record: CXX_FEATURE:1cxx_final
    Feature record: CXX_FEATURE:1cxx_func_identifier
    Feature record: CXX_FEATURE:1cxx_generalized_initializers
    Feature record: CXX_FEATURE:1cxx_generic_lambdas
    Feature record: CXX_FEATURE:1cxx_inheriting_constructors
    Feature record: CXX_FEATURE:1cxx_inline_namespaces
    Feature record: CXX_FEATURE:1cxx_lambdas
    Feature record: CXX_FEATURE:1cxx_lambda_init_captures
    Feature record: CXX_FEATURE:1cxx_local_type_template_args
    Feature record: CXX_FEATURE:1cxx_long_long_type
    Feature record: CXX_FEATURE:1cxx_noexcept
    Feature record: CXX_FEATURE:1cxx_nonstatic_member_init
    Feature record: CXX_FEATURE:1cxx_nullptr
    Feature record: CXX_FEATURE:1cxx_override
    Feature record: CXX_FEATURE:1cxx_range_for
    Feature record: CXX_FEATURE:1cxx_raw_string_literals
    Feature record: CXX_FEATURE:1cxx_reference_qualified_functions
    Feature record: CXX_FEATURE:1cxx_relaxed_constexpr
    Feature record: CXX_FEATURE:1cxx_return_type_deduction
    Feature record: CXX_FEATURE:1cxx_right_angle_brackets
    Feature record: CXX_FEATURE:1cxx_rvalue_references
    Feature record: CXX_FEATURE:1cxx_sizeof_member
    Feature record: CXX_FEATURE:1cxx_static_assert
    Feature record: CXX_FEATURE:1cxx_strong_enums
    Feature record: CXX_FEATURE:1cxx_template_template_parameters
    Feature record: CXX_FEATURE:1cxx_thread_local
    Feature record: CXX_FEATURE:1cxx_trailing_return_types
    Feature record: CXX_FEATURE:1cxx_unicode_literals
    Feature record: CXX_FEATURE:1cxx_uniform_initialization
    Feature record: CXX_FEATURE:1cxx_unrestricted_unions
    Feature record: CXX_FEATURE:1cxx_user_literals
    Feature record: CXX_FEATURE:1cxx_variable_templates
    Feature record: CXX_FEATURE:1cxx_variadic_macros
    Feature record: CXX_FEATURE:1cxx_variadic_templates


Detecting CXX [-std=c++11] compiler features compiled with the following output:
Change Dir: /home/carlos/Lua/src/lxml/build.luarocks/CMakeFiles/CMakeTmp

Run Build Command:"/usr/bin/make" "cmTC_f4b88/fast"
/usr/bin/make -f CMakeFiles/cmTC_f4b88.dir/build.make CMakeFiles/cmTC_f4b88.dir/build
Building CXX object CMakeFiles/cmTC_f4b88.dir/feature_tests.cxx.o
/usr/bin/clang++    -O2 -fPIC -Wall -pedantic    -std=c++11 -o CMakeFiles/cmTC_f4b88.dir/feature_tests.cxx.o -c /home/carlos/Lua/src/lxml/build.luarocks/CMakeFiles/feature_tests.cxx
Linking CXX executable cmTC_f4b88
/usr/local/bin/cmake -E cmake_link_script CMakeFiles/cmTC_f4b88.dir/link.txt --verbose=1
/usr/bin/clang++  -O2 -fPIC -Wall -pedantic     CMakeFiles/cmTC_f4b88.dir/feature_tests.cxx.o  -o cmTC_f4b88 -Wl,-rpath-link,/usr/X11R6/lib:/usr/local/lib 


    Feature record: CXX_FEATURE:0cxx_aggregate_default_initializers
    Feature record: CXX_FEATURE:1cxx_alias_templates
    Feature record: CXX_FEATURE:1cxx_alignas
    Feature record: CXX_FEATURE:1cxx_alignof
    Feature record: CXX_FEATURE:1cxx_attributes
    Feature record: CXX_FEATURE:0cxx_attribute_deprecated
    Feature record: CXX_FEATURE:1cxx_auto_type
    Feature record: CXX_FEATURE:0cxx_binary_literals
    Feature record: CXX_FEATURE:1cxx_constexpr
    Feature record: CXX_FEATURE:0cxx_contextual_conversions
    Feature record: CXX_FEATURE:1cxx_decltype
    Feature record: CXX_FEATURE:0cxx_decltype_auto
    Feature record: CXX_FEATURE:1cxx_decltype_incomplete_return_types
    Feature record: CXX_FEATURE:1cxx_default_function_template_args
    Feature record: CXX_FEATURE:1cxx_defaulted_functions
    Feature record: CXX_FEATURE:1cxx_defaulted_move_initializers
    Feature record: CXX_FEATURE:1cxx_delegating_constructors
    Feature record: CXX_FEATURE:1cxx_deleted_functions
    Feature record: CXX_FEATURE:0cxx_digit_separators
    Feature record: CXX_FEATURE:1cxx_enum_forward_declarations
    Feature record: CXX_FEATURE:1cxx_explicit_conversions
    Feature record: CXX_FEATURE:1cxx_extended_friend_declarations
    Feature record: CXX_FEATURE:1cxx_extern_templates
    Feature record: CXX_FEATURE:1cxx_final
    Feature record: CXX_FEATURE:1cxx_func_identifier
    Feature record: CXX_FEATURE:1cxx_generalized_initializers
    Feature record: CXX_FEATURE:0cxx_generic_lambdas
    Feature record: CXX_FEATURE:1cxx_inheriting_constructors
    Feature record: CXX_FEATURE:1cxx_inline_namespaces
    Feature record: CXX_FEATURE:1cxx_lambdas
    Feature record: CXX_FEATURE:0cxx_lambda_init_captures
    Feature record: CXX_FEATURE:1cxx_local_type_template_args
    Feature record: CXX_FEATURE:1cxx_long_long_type
    Feature record: CXX_FEATURE:1cxx_noexcept
    Feature record: CXX_FEATURE:1cxx_nonstatic_member_init
    Feature record: CXX_FEATURE:1cxx_nullptr
    Feature record: CXX_FEATURE:1cxx_override
    Feature record: CXX_FEATURE:1cxx_range_for
    Feature record: CXX_FEATURE:1cxx_raw_string_literals
    Feature record: CXX_FEATURE:1cxx_reference_qualified_functions
    Feature record: CXX_FEATURE:0cxx_relaxed_constexpr
    Feature record: CXX_FEATURE:0cxx_return_type_deduction
    Feature record: CXX_FEATURE:1cxx_right_angle_brackets
    Feature record: CXX_FEATURE:1cxx_rvalue_references
    Feature record: CXX_FEATURE:1cxx_sizeof_member
    Feature record: CXX_FEATURE:1cxx_static_assert
    Feature record: CXX_FEATURE:1cxx_strong_enums
    Feature record: CXX_FEATURE:1cxx_template_template_parameters
    Feature record: CXX_FEATURE:1cxx_thread_local
    Feature record: CXX_FEATURE:1cxx_trailing_return_types
    Feature record: CXX_FEATURE:1cxx_unicode_literals
    Feature record: CXX_FEATURE:1cxx_uniform_initialization
    Feature record: CXX_FEATURE:1cxx_unrestricted_unions
    Feature record: CXX_FEATURE:1cxx_user_literals
    Feature record: CXX_FEATURE:0cxx_variable_templates
    Feature record: CXX_FEATURE:1cxx_variadic_macros
    Feature record: CXX_FEATURE:1cxx_variadic_templates


Detecting CXX [-std=c++98] compiler features compiled with the following output:
Change Dir: /home/carlos/Lua/src/lxml/build.luarocks/CMakeFiles/CMakeTmp

Run Build Command:"/usr/bin/make" "cmTC_839bf/fast"
/usr/bin/make -f CMakeFiles/cmTC_839bf.dir/build.make CMakeFiles/cmTC_839bf.dir/build
Building CXX object CMakeFiles/cmTC_839bf.dir/feature_tests.cxx.o
/usr/bin/clang++    -O2 -fPIC -Wall -pedantic    -std=c++98 -o CMakeFiles/cmTC_839bf.dir/feature_tests.cxx.o -c /home/carlos/Lua/src/lxml/build.luarocks/CMakeFiles/feature_tests.cxx
Linking CXX executable cmTC_839bf
/usr/local/bin/cmake -E cmake_link_script CMakeFiles/cmTC_839bf.dir/link.txt --verbose=1
/usr/bin/clang++  -O2 -fPIC -Wall -pedantic     CMakeFiles/cmTC_839bf.dir/feature_tests.cxx.o  -o cmTC_839bf -Wl,-rpath-link,/usr/X11R6/lib:/usr/local/lib 


    Feature record: CXX_FEATURE:0cxx_aggregate_default_initializers
    Feature record: CXX_FEATURE:0cxx_alias_templates
    Feature record: CXX_FEATURE:0cxx_alignas
    Feature record: CXX_FEATURE:0cxx_alignof
    Feature record: CXX_FEATURE:0cxx_attributes
    Feature record: CXX_FEATURE:0cxx_attribute_deprecated
    Feature record: CXX_FEATURE:0cxx_auto_type
    Feature record: CXX_FEATURE:0cxx_binary_literals
    Feature record: CXX_FEATURE:0cxx_constexpr
    Feature record: CXX_FEATURE:0cxx_contextual_conversions
    Feature record: CXX_FEATURE:0cxx_decltype
    Feature record: CXX_FEATURE:0cxx_decltype_auto
    Feature record: CXX_FEATURE:0cxx_decltype_incomplete_return_types
    Feature record: CXX_FEATURE:0cxx_default_function_template_args
    Feature record: CXX_FEATURE:0cxx_defaulted_functions
    Feature record: CXX_FEATURE:0cxx_defaulted_move_initializers
    Feature record: CXX_FEATURE:0cxx_delegating_constructors
    Feature record: CXX_FEATURE:0cxx_deleted_functions
    Feature record: CXX_FEATURE:0cxx_digit_separators
    Feature record: CXX_FEATURE:0cxx_enum_forward_declarations
    Feature record: CXX_FEATURE:0cxx_explicit_conversions
    Feature record: CXX_FEATURE:0cxx_extended_friend_declarations
    Feature record: CXX_FEATURE:0cxx_extern_templates
    Feature record: CXX_FEATURE:0cxx_final
    Feature record: CXX_FEATURE:0cxx_func_identifier
    Feature record: CXX_FEATURE:0cxx_generalized_initializers
    Feature record: CXX_FEATURE:0cxx_generic_lambdas
    Feature record: CXX_FEATURE:0cxx_inheriting_constructors
    Feature record: CXX_FEATURE:0cxx_inline_namespaces
    Feature record: CXX_FEATURE:0cxx_lambdas
    Feature record: CXX_FEATURE:0cxx_lambda_init_captures
    Feature record: CXX_FEATURE:0cxx_local_type_template_args
    Feature record: CXX_FEATURE:0cxx_long_long_type
    Feature record: CXX_FEATURE:0cxx_noexcept
    Feature record: CXX_FEATURE:0cxx_nonstatic_member_init
    Feature record: CXX_FEATURE:0cxx_nullptr
    Feature record: CXX_FEATURE:0cxx_override
    Feature record: CXX_FEATURE:0cxx_range_for
    Feature record: CXX_FEATURE:0cxx_raw_string_literals
    Feature record: CXX_FEATURE:0cxx_reference_qualified_functions
    Feature record: CXX_FEATURE:0cxx_relaxed_constexpr
    Feature record: CXX_FEATURE:0cxx_return_type_deduction
    Feature record: CXX_FEATURE:0cxx_right_angle_brackets
    Feature record: CXX_FEATURE:0cxx_rvalue_references
    Feature record: CXX_FEATURE:0cxx_sizeof_member
    Feature record: CXX_FEATURE:0cxx_static_assert
    Feature record: CXX_FEATURE:0cxx_strong_enums
    Feature record: CXX_FEATURE:1cxx_template_template_parameters
    Feature record: CXX_FEATURE:0cxx_thread_local
    Feature record: CXX_FEATURE:0cxx_trailing_return_types
    Feature record: CXX_FEATURE:0cxx_unicode_literals
    Feature record: CXX_FEATURE:0cxx_uniform_initialization
    Feature record: CXX_FEATURE:0cxx_unrestricted_unions
    Feature record: CXX_FEATURE:0cxx_user_literals
    Feature record: CXX_FEATURE:0cxx_variable_templates
    Feature record: CXX_FEATURE:0cxx_variadic_macros
    Feature record: CXX_FEATURE:0cxx_variadic_templates
