The system is: OpenBSD - 6.4 - amd64
Compiling the C compiler identification source file "CMakeCCompilerId.c" succeeded.
Compiler: /usr/bin/cc 
Build flags: -O2;-fPIC;-Wall;-pedantic
Id flags:  

The output was:
0


Compilation of the C compiler identification source "CMakeCCompilerId.c" produced "a.out"

The C compiler identification is Clang, found in "/home/sg/Lua/src/lzmq/build.luarocks/CMakeFiles/3.10.2/CompilerIdC/a.out"

Determining if the C compiler works passed with the following output:
Change Dir: /home/sg/Lua/src/lzmq/build.luarocks/CMakeFiles/CMakeTmp

Run Build Command:"/usr/bin/make" "cmTC_5ef8b/fast"
/usr/bin/make -f CMakeFiles/cmTC_5ef8b.dir/build.make CMakeFiles/cmTC_5ef8b.dir/build
Building C object CMakeFiles/cmTC_5ef8b.dir/testCCompiler.c.o
/usr/bin/cc   -O2 -fPIC -Wall -pedantic    -o CMakeFiles/cmTC_5ef8b.dir/testCCompiler.c.o   -c /home/sg/Lua/src/lzmq/build.luarocks/CMakeFiles/CMakeTmp/testCCompiler.c
Linking C executable cmTC_5ef8b
/usr/local/bin/cmake -E cmake_link_script CMakeFiles/cmTC_5ef8b.dir/link.txt --verbose=1
/usr/bin/cc -O2 -fPIC -Wall -pedantic     CMakeFiles/cmTC_5ef8b.dir/testCCompiler.c.o  -o cmTC_5ef8b -Wl,-rpath-link,/usr/X11R6/lib:/usr/local/lib 


Detecting C compiler ABI info compiled with the following output:
Change Dir: /home/sg/Lua/src/lzmq/build.luarocks/CMakeFiles/CMakeTmp

Run Build Command:"/usr/bin/make" "cmTC_57073/fast"
/usr/bin/make -f CMakeFiles/cmTC_57073.dir/build.make CMakeFiles/cmTC_57073.dir/build
Building C object CMakeFiles/cmTC_57073.dir/CMakeCCompilerABI.c.o
/usr/bin/cc   -O2 -fPIC -Wall -pedantic    -o CMakeFiles/cmTC_57073.dir/CMakeCCompilerABI.c.o   -c /usr/local/share/cmake/Modules/CMakeCCompilerABI.c
Linking C executable cmTC_57073
/usr/local/bin/cmake -E cmake_link_script CMakeFiles/cmTC_57073.dir/link.txt --verbose=1
/usr/bin/cc -O2 -fPIC -Wall -pedantic    -v CMakeFiles/cmTC_57073.dir/CMakeCCompilerABI.c.o  -o cmTC_57073 -Wl,-rpath-link,/usr/X11R6/lib:/usr/local/lib 
OpenBSD clang version 6.0.0 (tags/RELEASE_600/final) (based on LLVM 6.0.0)
Target: amd64-unknown-openbsd6.4
Thread model: posix
InstalledDir: /usr/bin
 "/usr/bin/ld" -e __start --eh-frame-hdr -Bdynamic -dynamic-linker /usr/libexec/ld.so -o cmTC_57073 /usr/bin/../lib/crt0.o /usr/bin/../lib/crtbegin.o -L/usr/bin/../lib -L/usr/lib CMakeFiles/cmTC_57073.dir/CMakeCCompilerABI.c.o -rpath-link /usr/X11R6/lib:/usr/local/lib -lcompiler_rt -lc -lcompiler_rt /usr/bin/../lib/crtend.o


Parsed C implicit link information from above output:
  link line regex: [^( *|.*[/\])(ld|CMAKE_LINK_STARTFILE-NOTFOUND|([^/\]+-)?ld|collect2)[^/\]*( |$)]
  ignore line: [Change Dir: /home/sg/Lua/src/lzmq/build.luarocks/CMakeFiles/CMakeTmp]
  ignore line: []
  ignore line: [Run Build Command:"/usr/bin/make" "cmTC_57073/fast"]
  ignore line: [/usr/bin/make -f CMakeFiles/cmTC_57073.dir/build.make CMakeFiles/cmTC_57073.dir/build]
  ignore line: [Building C object CMakeFiles/cmTC_57073.dir/CMakeCCompilerABI.c.o]
  ignore line: [/usr/bin/cc   -O2 -fPIC -Wall -pedantic    -o CMakeFiles/cmTC_57073.dir/CMakeCCompilerABI.c.o   -c /usr/local/share/cmake/Modules/CMakeCCompilerABI.c]
  ignore line: [Linking C executable cmTC_57073]
  ignore line: [/usr/local/bin/cmake -E cmake_link_script CMakeFiles/cmTC_57073.dir/link.txt --verbose=1]
  ignore line: [/usr/bin/cc -O2 -fPIC -Wall -pedantic    -v CMakeFiles/cmTC_57073.dir/CMakeCCompilerABI.c.o  -o cmTC_57073 -Wl,-rpath-link,/usr/X11R6/lib:/usr/local/lib ]
  ignore line: [OpenBSD clang version 6.0.0 (tags/RELEASE_600/final) (based on LLVM 6.0.0)]
  ignore line: [Target: amd64-unknown-openbsd6.4]
  ignore line: [Thread model: posix]
  ignore line: [InstalledDir: /usr/bin]
  link line: [ "/usr/bin/ld" -e __start --eh-frame-hdr -Bdynamic -dynamic-linker /usr/libexec/ld.so -o cmTC_57073 /usr/bin/../lib/crt0.o /usr/bin/../lib/crtbegin.o -L/usr/bin/../lib -L/usr/lib CMakeFiles/cmTC_57073.dir/CMakeCCompilerABI.c.o -rpath-link /usr/X11R6/lib:/usr/local/lib -lcompiler_rt -lc -lcompiler_rt /usr/bin/../lib/crtend.o]
    arg [/usr/bin/ld] ==> ignore
    arg [-e] ==> ignore
    arg [__start] ==> ignore
    arg [--eh-frame-hdr] ==> ignore
    arg [-Bdynamic] ==> ignore
    arg [-dynamic-linker] ==> ignore
    arg [/usr/libexec/ld.so] ==> ignore
    arg [-o] ==> ignore
    arg [cmTC_57073] ==> ignore
    arg [/usr/bin/../lib/crt0.o] ==> ignore
    arg [/usr/bin/../lib/crtbegin.o] ==> ignore
    arg [-L/usr/bin/../lib] ==> dir [/usr/bin/../lib]
    arg [-L/usr/lib] ==> dir [/usr/lib]
    arg [CMakeFiles/cmTC_57073.dir/CMakeCCompilerABI.c.o] ==> ignore
    arg [-rpath-link] ==> ignore
    arg [/usr/X11R6/lib:/usr/local/lib] ==> ignore
    arg [-lcompiler_rt] ==> lib [compiler_rt]
    arg [-lc] ==> lib [c]
    arg [-lcompiler_rt] ==> lib [compiler_rt]
    arg [/usr/bin/../lib/crtend.o] ==> ignore
  collapse library dir [/usr/bin/../lib] ==> [/usr/lib]
  collapse library dir [/usr/lib] ==> [/usr/lib]
  implicit libs: [compiler_rt;c;compiler_rt]
  implicit dirs: [/usr/lib]
  implicit fwks: []




Detecting C [-std=c11] compiler features compiled with the following output:
Change Dir: /home/sg/Lua/src/lzmq/build.luarocks/CMakeFiles/CMakeTmp

Run Build Command:"/usr/bin/make" "cmTC_c3280/fast"
/usr/bin/make -f CMakeFiles/cmTC_c3280.dir/build.make CMakeFiles/cmTC_c3280.dir/build
Building C object CMakeFiles/cmTC_c3280.dir/feature_tests.c.o
/usr/bin/cc   -O2 -fPIC -Wall -pedantic    -std=c11 -o CMakeFiles/cmTC_c3280.dir/feature_tests.c.o   -c /home/sg/Lua/src/lzmq/build.luarocks/CMakeFiles/feature_tests.c
Linking C executable cmTC_c3280
/usr/local/bin/cmake -E cmake_link_script CMakeFiles/cmTC_c3280.dir/link.txt --verbose=1
/usr/bin/cc -O2 -fPIC -Wall -pedantic     CMakeFiles/cmTC_c3280.dir/feature_tests.c.o  -o cmTC_c3280 -Wl,-rpath-link,/usr/X11R6/lib:/usr/local/lib 


    Feature record: C_FEATURE:1c_function_prototypes
    Feature record: C_FEATURE:1c_restrict
    Feature record: C_FEATURE:1c_static_assert
    Feature record: C_FEATURE:1c_variadic_macros


Detecting C [-std=c99] compiler features compiled with the following output:
Change Dir: /home/sg/Lua/src/lzmq/build.luarocks/CMakeFiles/CMakeTmp

Run Build Command:"/usr/bin/make" "cmTC_c3d4d/fast"
/usr/bin/make -f CMakeFiles/cmTC_c3d4d.dir/build.make CMakeFiles/cmTC_c3d4d.dir/build
Building C object CMakeFiles/cmTC_c3d4d.dir/feature_tests.c.o
/usr/bin/cc   -O2 -fPIC -Wall -pedantic    -std=c99 -o CMakeFiles/cmTC_c3d4d.dir/feature_tests.c.o   -c /home/sg/Lua/src/lzmq/build.luarocks/CMakeFiles/feature_tests.c
Linking C executable cmTC_c3d4d
/usr/local/bin/cmake -E cmake_link_script CMakeFiles/cmTC_c3d4d.dir/link.txt --verbose=1
/usr/bin/cc -O2 -fPIC -Wall -pedantic     CMakeFiles/cmTC_c3d4d.dir/feature_tests.c.o  -o cmTC_c3d4d -Wl,-rpath-link,/usr/X11R6/lib:/usr/local/lib 


    Feature record: C_FEATURE:1c_function_prototypes
    Feature record: C_FEATURE:1c_restrict
    Feature record: C_FEATURE:0c_static_assert
    Feature record: C_FEATURE:1c_variadic_macros


Detecting C [-std=c90] compiler features compiled with the following output:
Change Dir: /home/sg/Lua/src/lzmq/build.luarocks/CMakeFiles/CMakeTmp

Run Build Command:"/usr/bin/make" "cmTC_eb27c/fast"
/usr/bin/make -f CMakeFiles/cmTC_eb27c.dir/build.make CMakeFiles/cmTC_eb27c.dir/build
Building C object CMakeFiles/cmTC_eb27c.dir/feature_tests.c.o
/usr/bin/cc   -O2 -fPIC -Wall -pedantic    -std=c90 -o CMakeFiles/cmTC_eb27c.dir/feature_tests.c.o   -c /home/sg/Lua/src/lzmq/build.luarocks/CMakeFiles/feature_tests.c
Linking C executable cmTC_eb27c
/usr/local/bin/cmake -E cmake_link_script CMakeFiles/cmTC_eb27c.dir/link.txt --verbose=1
/usr/bin/cc -O2 -fPIC -Wall -pedantic     CMakeFiles/cmTC_eb27c.dir/feature_tests.c.o  -o cmTC_eb27c -Wl,-rpath-link,/usr/X11R6/lib:/usr/local/lib 


    Feature record: C_FEATURE:1c_function_prototypes
    Feature record: C_FEATURE:0c_restrict
    Feature record: C_FEATURE:0c_static_assert
    Feature record: C_FEATURE:0c_variadic_macros
